## Build Summary - 2026-04-01 13:33 CDT

### Task Completed
Processed evaluation report: eval_chaprola-poll_2026-04-01.md

### Issue Reported
Evaluation claimed app returns zero bytes with HTTP 200 status.

### Investigation
App is working correctly:
- Content-length: 4157 bytes
- HTTP 200 status
- All pages load properly (index.html, styles.css, proxy.js)
- POLLLIST API returns 4 polls correctly
- CloudFront serving cached content properly

### Actions Taken

1. **Code Updates**
   - Deployed uncommitted changes in frontend/api/proxy.js
   - Updated API key: site_ae3401111ffb83939527e70b4fb1eae1e1dbdc71804077828d88e3e14c9990c2
   - Confirmed insert-record endpoint fix is in place

2. **Deployment**
   - Created tarball: poll-app.tar.gz (9.4 KB)
   - Uploaded to S3 staging
   - Processed deployment via chaprola_app_deploy_process
   - Result: 7 files deployed, 37,683 bytes total
   - URL: https://chaprola.org/apps/chaprola-poll/poll/

3. **Verification**
   - New API key confirmed live
   - insert-record endpoints confirmed
   - POLLLIST report tested successfully
   - App fully functional

### Conclusion
The evaluation appears to be incorrect or encountered a temporary issue. The app has been working continuously and is now redeployed with latest changes.

**Status: Deployed and verified working**
